
> octopus-ui@0.1.0 start
> ng serve --host 127.0.0.1 --port 4300

[33m>[39m Building...
[32m√[39m Building...
[1mInitial chunk files[22m[2m | [22m[1mNames[22m        [2m | [22m [1mRaw size[22m[2m | [22m[1mEstimated transfer size[22m
[32mmain.js[39m            [2m | [22m[2mmain[22m         [2m | [22m[36m446.96 kB[39m[2m | [22m              [36m101.08 kB[39m
[32mpolyfills.js[39m       [2m | [22m[2mpolyfills[22m    [2m | [22m [36m34.52 kB[39m[2m | [22m               [36m11.28 kB[39m
[32mstyles.css[39m         [2m | [22m[2mstyles[22m       [2m | [22m [36m11.47 kB[39m[2m | [22m                [36m1.08 kB[39m

[1m [22m                  [2m | [22m[1mInitial total[22m[2m | [22m[1m492.94 kB[22m[2m | [22m              [1m113.44 kB[22m

Application bundle generation complete. [4.396 seconds]

Watch mode enabled. Watching for file changes...
NOTE: Raw file sizes do not reflect development server per-request transformations.
  [32m➜[39m  [1mLocal[22m:   [36mhttp://127.0.0.1:[1m4300[22m/[39m
[33m>[39m Changes detected. Rebuilding...
[32m√[39m Changes detected. Rebuilding...

No output file changes.

Application bundle generation complete. [1.698 seconds]

[33m>[39m Changes detected. Rebuilding...
[32m√[39m Changes detected. Rebuilding...
[1mInitial chunk files[22m[2m | [22m[1mNames[22m[2m | [22m [1mRaw size[22m[2m | [22m[1mEstimated transfer size[22m
[32mmain.js[39m            [2m | [22m[2mmain[22m [2m | [22m[36m448.90 kB[39m[2m | [22m              [36m101.72 kB[39m

Application bundle generation complete. [1.341 seconds]

Page reload sent to client(s).
[33m>[39m Changes detected. Rebuilding...
[32m√[39m Changes detected. Rebuilding...
[1mInitial chunk files[22m[2m | [22m[1mNames[22m[2m | [22m [1mRaw size[22m[2m | [22m[1mEstimated transfer size[22m
[32mmain.js[39m            [2m | [22m[2mmain[22m [2m | [22m[36m503.34 kB[39m[2m | [22m              [36m119.26 kB[39m

Application bundle generation complete. [1.244 seconds]

Page reload sent to client(s).
[33m>[39m Changes detected. Rebuilding...
[32m√[39m Changes detected. Rebuilding...
[1mInitial chunk files[22m[2m | [22m[1mNames[22m[2m | [22m [1mRaw size[22m[2m | [22m[1mEstimated transfer size[22m
[32mmain.js[39m            [2m | [22m[2mmain[22m [2m | [22m[36m448.92 kB[39m[2m | [22m              [36m101.69 kB[39m

Application bundle generation complete. [1.232 seconds]

Page reload sent to client(s).
[33m>[39m Changes detected. Rebuilding...
[32m√[39m Changes detected. Rebuilding...
[1mInitial chunk files[22m[2m | [22m[1mNames[22m[2m | [22m [1mRaw size[22m[2m | [22m[1mEstimated transfer size[22m
[32mmain.js[39m            [2m | [22m[2mmain[22m [2m | [22m[36m448.98 kB[39m[2m | [22m              [36m101.71 kB[39m

Application bundle generation complete. [1.509 seconds]

Page reload sent to client(s).
[33m>[39m Changes detected. Rebuilding...
[32m√[39m Changes detected. Rebuilding...
[1mInitial chunk files[22m[2m | [22m[1mNames[22m[2m | [22m [1mRaw size[22m[2m | [22m[1mEstimated transfer size[22m
[32mmain.js[39m            [2m | [22m[2mmain[22m [2m | [22m[36m449.05 kB[39m[2m | [22m              [36m101.71 kB[39m

Application bundle generation complete. [1.273 seconds]

Page reload sent to client(s).
